This file contains any messages produced by compilers while
running configure, to aid debugging if configure makes a mistake.

It was created by sleuthkit configure 4.1.2, which was
generated by GNU Autoconf 2.69.  Invocation command line was

  $ ./configure --with-libewf=/home/user/myprojects/Tsk-XS/libewf --with-afflib=/home/user/myprojects/Tsk-XS/AFFLIBv3/sandbox

## --------- ##
## Platform. ##
## --------- ##

hostname = user-K56CM
uname -m = x86_64
uname -r = 3.8.0-13-generic
uname -s = Linux
uname -v = #23-Ubuntu SMP Mon Mar 18 18:09:44 UTC 2013

/usr/bin/uname -p = unknown
/bin/uname -X     = unknown

/bin/arch              = unknown
/usr/bin/arch -k       = unknown
/usr/convex/getsysinfo = unknown
/usr/bin/hostinfo      = unknown
/bin/machine           = unknown
/usr/bin/oslevel       = unknown
/bin/universe          = unknown

PATH: /home/user/perl5/perlbrew/bin
PATH: /home/user/perl5/perlbrew/perls/5.18.1dt/bin
PATH: /home/user/.cabal/bin
PATH: /home/user/.local/bin
PATH: /usr/local/heroku/bin
PATH: /sbin
PATH: /home/user/bin
PATH: /usr/lib/lightdm/lightdm
PATH: /usr/local/sbin
PATH: /usr/local/bin
PATH: /usr/sbin
PATH: /usr/bin
PATH: /sbin
PATH: /bin
PATH: /usr/games
PATH: /usr/local/games
PATH: /home/user/apps/sublime2
PATH: /home/user/bin
PATH: /home/user/local/bin
PATH: /home/user/apps/sublime2
PATH: /home/user/idea-IU/bin
PATH: /usr/lib/jvm/java-6-oracle/
PATH: /home/user/sources/grails/bin


## ----------- ##
## Core tests. ##
## ----------- ##

configure:2660: checking for a BSD-compatible install
configure:2728: result: /usr/bin/install -c
configure:2739: checking whether build environment is sane
configure:2794: result: yes
configure:2945: checking for a thread-safe mkdir -p
configure:2984: result: /bin/mkdir -p
configure:2991: checking for gawk
configure:3021: result: no
configure:2991: checking for mawk
configure:3007: found /usr/bin/mawk
configure:3018: result: mawk
configure:3029: checking whether make sets $(MAKE)
configure:3051: result: yes
configure:3171: checking for cppunit-config
configure:3202: result: no
configure:3212: checking for Cppunit - version >= 1.12.1
configure:3216: result: no
configure:3315: checking build system type
configure:3329: result: x86_64-unknown-linux-gnu
configure:3349: checking host system type
configure:3362: result: x86_64-unknown-linux-gnu
configure:3403: checking how to print strings
configure:3430: result: printf
configure:3463: checking for style of include used by make
configure:3491: result: GNU
configure:3562: checking for gcc
configure:3578: found /usr/bin/gcc
configure:3589: result: gcc
configure:3818: checking for C compiler version
configure:3827: gcc --version >&5
gcc (Ubuntu/Linaro 4.7.3-1ubuntu1) 4.7.3
Copyright (C) 2012 Free Software Foundation, Inc.
This is free software; see the source for copying conditions.  There is NO
warranty; not even for MERCHANTABILITY or FITNESS FOR A PARTICULAR PURPOSE.

configure:3838: $? = 0
configure:3827: gcc -v >&5
Using built-in specs.
COLLECT_GCC=gcc
COLLECT_LTO_WRAPPER=/usr/lib/gcc/x86_64-linux-gnu/4.7/lto-wrapper
Target: x86_64-linux-gnu
Configured with: ../src/configure -v --with-pkgversion='Ubuntu/Linaro 4.7.3-1ubuntu1' --with-bugurl=file:///usr/share/doc/gcc-4.7/README.Bugs --enable-languages=c,c++,go,fortran,objc,obj-c++ --prefix=/usr --program-suffix=-4.7 --enable-shared --enable-linker-build-id --libexecdir=/usr/lib --without-included-gettext --enable-threads=posix --with-gxx-include-dir=/usr/include/c++/4.7 --libdir=/usr/lib --enable-nls --with-sysroot=/ --enable-clocale=gnu --enable-libstdcxx-debug --enable-libstdcxx-time=yes --enable-gnu-unique-object --enable-plugin --with-system-zlib --enable-objc-gc --with-cloog --enable-cloog-backend=ppl --disable-cloog-version-check --disable-ppl-version-check --enable-multiarch --disable-werror --with-arch-32=i686 --with-abi=m64 --with-multilib-list=m32,m64,mx32 --with-tune=generic --enable-checking=release --build=x86_64-linux-gnu --host=x86_64-linux-gnu --target=x86_64-linux-gnu
Thread model: posix
gcc version 4.7.3 (Ubuntu/Linaro 4.7.3-1ubuntu1) 
configure:3838: $? = 0
configure:3827: gcc -V >&5
gcc: error: unrecognized command line option '-V'
gcc: fatal error: no input files
compilation terminated.
configure:3838: $? = 4
configure:3827: gcc -qversion >&5
gcc: error: unrecognized command line option '-qversion'
gcc: fatal error: no input files
compilation terminated.
configure:3838: $? = 4
configure:3858: checking whether the C compiler works
configure:3880: gcc    conftest.c  >&5
configure:3884: $? = 0
configure:3932: result: yes
configure:3935: checking for C compiler default output file name
configure:3937: result: a.out
configure:3943: checking for suffix of executables
configure:3950: gcc -o conftest    conftest.c  >&5
configure:3954: $? = 0
configure:3976: result: 
configure:3998: checking whether we are cross compiling
configure:4006: gcc -o conftest    conftest.c  >&5
configure:4010: $? = 0
configure:4017: ./conftest
configure:4021: $? = 0
configure:4036: result: no
configure:4041: checking for suffix of object files
configure:4063: gcc -c   conftest.c >&5
configure:4067: $? = 0
configure:4088: result: o
configure:4092: checking whether we are using the GNU C compiler
configure:4111: gcc -c   conftest.c >&5
configure:4111: $? = 0
configure:4120: result: yes
configure:4129: checking whether gcc accepts -g
configure:4149: gcc -c -g  conftest.c >&5
configure:4149: $? = 0
configure:4190: result: yes
configure:4207: checking for gcc option to accept ISO C89
configure:4270: gcc  -c -g -O2  conftest.c >&5
configure:4270: $? = 0
configure:4283: result: none needed
configure:4305: checking dependency style of gcc
configure:4416: result: gcc3
configure:4431: checking for a sed that does not truncate output
configure:4495: result: /bin/sed
configure:4513: checking for grep that handles long lines and -e
configure:4571: result: /bin/grep
configure:4576: checking for egrep
configure:4638: result: /bin/grep -E
configure:4643: checking for fgrep
configure:4705: result: /bin/grep -F
configure:4740: checking for ld used by gcc
configure:4807: result: /usr/bin/ld
configure:4814: checking if the linker (/usr/bin/ld) is GNU ld
configure:4829: result: yes
configure:4841: checking for BSD- or MS-compatible name lister (nm)
configure:4890: result: /usr/bin/nm -B
configure:5020: checking the name lister (/usr/bin/nm -B) interface
configure:5027: gcc -c -g -O2  conftest.c >&5
configure:5030: /usr/bin/nm -B "conftest.o"
configure:5033: output
0000000000000000 B some_variable
configure:5040: result: BSD nm
configure:5043: checking whether ln -s works
configure:5047: result: yes
configure:5055: checking the maximum length of command line arguments
configure:5185: result: 3458764513820540925
configure:5202: checking whether the shell understands some XSI constructs
configure:5212: result: yes
configure:5216: checking whether the shell understands "+="
configure:5222: result: yes
configure:5257: checking how to convert x86_64-unknown-linux-gnu file names to x86_64-unknown-linux-gnu format
configure:5297: result: func_convert_file_noop
configure:5304: checking how to convert x86_64-unknown-linux-gnu file names to toolchain format
configure:5324: result: func_convert_file_noop
configure:5331: checking for /usr/bin/ld option to reload object files
configure:5338: result: -r
configure:5412: checking for objdump
configure:5428: found /usr/bin/objdump
configure:5439: result: objdump
configure:5471: checking how to recognize dependent libraries
configure:5673: result: pass_all
configure:5758: checking for dlltool
configure:5788: result: no
configure:5818: checking how to associate runtime and link libraries
configure:5845: result: printf %s\n
configure:5906: checking for ar
configure:5922: found /usr/bin/ar
configure:5933: result: ar
configure:5970: checking for archiver @FILE support
configure:5987: gcc -c -g -O2  conftest.c >&5
configure:5987: $? = 0
configure:5990: ar cru libconftest.a @conftest.lst >&5
configure:5993: $? = 0
configure:5998: ar cru libconftest.a @conftest.lst >&5
ar: conftest.o: No such file or directory
configure:6001: $? = 1
configure:6013: result: @
configure:6071: checking for strip
configure:6087: found /usr/bin/strip
configure:6098: result: strip
configure:6170: checking for ranlib
configure:6186: found /usr/bin/ranlib
configure:6197: result: ranlib
configure:6299: checking command to parse /usr/bin/nm -B output from gcc object
configure:6419: gcc -c -g -O2  conftest.c >&5
configure:6422: $? = 0
configure:6426: /usr/bin/nm -B conftest.o \| sed -n -e 's/^.*[ ]\([ABCDGIRSTW][ABCDGIRSTW]*\)[ ][ ]*\([_A-Za-z][_A-Za-z0-9]*\)$/\1 \2 \2/p' | sed '/ __gnu_lto/d' \> conftest.nm
configure:6429: $? = 0
configure:6495: gcc -o conftest -g -O2   conftest.c conftstm.o >&5
configure:6498: $? = 0
configure:6536: result: ok
configure:6573: checking for sysroot
configure:6603: result: no
configure:6680: gcc -c -g -O2  conftest.c >&5
configure:6683: $? = 0
configure:6859: checking for mt
configure:6875: found /bin/mt
configure:6886: result: mt
configure:6909: checking if mt is a manifest tool
configure:6915: mt '-?'
configure:6923: result: no
configure:7565: checking how to run the C preprocessor
configure:7596: gcc -E  conftest.c
configure:7596: $? = 0
configure:7610: gcc -E  conftest.c
conftest.c:11:28: fatal error: ac_nonexistent.h: No such file or directory
compilation terminated.
configure:7610: $? = 1
configure: failed program was:
| /* confdefs.h */
| #define PACKAGE_NAME "sleuthkit"
| #define PACKAGE_TARNAME "sleuthkit"
| #define PACKAGE_VERSION "4.1.2"
| #define PACKAGE_STRING "sleuthkit 4.1.2"
| #define PACKAGE_BUGREPORT ""
| #define PACKAGE_URL ""
| #define PACKAGE "sleuthkit"
| #define VERSION "4.1.2"
| /* end confdefs.h.  */
| #include <ac_nonexistent.h>
configure:7635: result: gcc -E
configure:7655: gcc -E  conftest.c
configure:7655: $? = 0
configure:7669: gcc -E  conftest.c
conftest.c:11:28: fatal error: ac_nonexistent.h: No such file or directory
compilation terminated.
configure:7669: $? = 1
configure: failed program was:
| /* confdefs.h */
| #define PACKAGE_NAME "sleuthkit"
| #define PACKAGE_TARNAME "sleuthkit"
| #define PACKAGE_VERSION "4.1.2"
| #define PACKAGE_STRING "sleuthkit 4.1.2"
| #define PACKAGE_BUGREPORT ""
| #define PACKAGE_URL ""
| #define PACKAGE "sleuthkit"
| #define VERSION "4.1.2"
| /* end confdefs.h.  */
| #include <ac_nonexistent.h>
configure:7698: checking for ANSI C header files
configure:7718: gcc -c -g -O2  conftest.c >&5
configure:7718: $? = 0
configure:7791: gcc -o conftest -g -O2   conftest.c  >&5
configure:7791: $? = 0
configure:7791: ./conftest
configure:7791: $? = 0
configure:7802: result: yes
configure:7815: checking for sys/types.h
configure:7815: gcc -c -g -O2  conftest.c >&5
configure:7815: $? = 0
configure:7815: result: yes
configure:7815: checking for sys/stat.h
configure:7815: gcc -c -g -O2  conftest.c >&5
configure:7815: $? = 0
configure:7815: result: yes
configure:7815: checking for stdlib.h
configure:7815: gcc -c -g -O2  conftest.c >&5
configure:7815: $? = 0
configure:7815: result: yes
configure:7815: checking for string.h
configure:7815: gcc -c -g -O2  conftest.c >&5
configure:7815: $? = 0
configure:7815: result: yes
configure:7815: checking for memory.h
configure:7815: gcc -c -g -O2  conftest.c >&5
configure:7815: $? = 0
configure:7815: result: yes
configure:7815: checking for strings.h
configure:7815: gcc -c -g -O2  conftest.c >&5
configure:7815: $? = 0
configure:7815: result: yes
configure:7815: checking for inttypes.h
configure:7815: gcc -c -g -O2  conftest.c >&5
configure:7815: $? = 0
configure:7815: result: yes
configure:7815: checking for stdint.h
configure:7815: gcc -c -g -O2  conftest.c >&5
configure:7815: $? = 0
configure:7815: result: yes
configure:7815: checking for unistd.h
configure:7815: gcc -c -g -O2  conftest.c >&5
configure:7815: $? = 0
configure:7815: result: yes
configure:7829: checking for dlfcn.h
configure:7829: gcc -c -g -O2  conftest.c >&5
configure:7829: $? = 0
configure:7829: result: yes
configure:8035: checking for objdir
configure:8050: result: .libs
configure:8317: checking if gcc supports -fno-rtti -fno-exceptions
configure:8335: gcc -c -g -O2  -fno-rtti -fno-exceptions conftest.c >&5
cc1: warning: command line option '-fno-rtti' is valid for C++/ObjC++ but not for C [enabled by default]
configure:8339: $? = 0
configure:8352: result: no
configure:8679: checking for gcc option to produce PIC
configure:8686: result: -fPIC -DPIC
configure:8694: checking if gcc PIC flag -fPIC -DPIC works
configure:8712: gcc -c -g -O2  -fPIC -DPIC -DPIC conftest.c >&5
configure:8716: $? = 0
configure:8729: result: yes
configure:8758: checking if gcc static flag -static works
configure:8786: result: yes
configure:8801: checking if gcc supports -c -o file.o
configure:8822: gcc -c -g -O2  -o out/conftest2.o conftest.c >&5
configure:8826: $? = 0
configure:8848: result: yes
configure:8856: checking if gcc supports -c -o file.o
configure:8903: result: yes
configure:8936: checking whether the gcc linker (/usr/bin/ld -m elf_x86_64) supports shared libraries
configure:10089: result: yes
configure:10126: checking whether -lc should be explicitly linked in
configure:10134: gcc -c -g -O2  conftest.c >&5
configure:10137: $? = 0
configure:10152: gcc -shared  -fPIC -DPIC conftest.o  -v -Wl,-soname -Wl,conftest -o conftest 2\>\&1 \| /bin/grep  -lc  \>/dev/null 2\>\&1
configure:10155: $? = 0
configure:10169: result: no
configure:10329: checking dynamic linker characteristics
configure:10840: gcc -o conftest -g -O2   -Wl,-rpath -Wl,/foo conftest.c  >&5
configure:10840: $? = 0
configure:11062: result: GNU/Linux ld.so
configure:11169: checking how to hardcode library paths into programs
configure:11194: result: immediate
configure:11734: checking whether stripping libraries is possible
configure:11739: result: yes
configure:11774: checking if libtool supports shared libraries
configure:11776: result: yes
configure:11779: checking whether to build shared libraries
configure:11800: result: yes
configure:11803: checking whether to build static libraries
configure:11807: result: yes
configure:11845: checking whether to enable maintainer-specific portions of Makefiles
configure:11854: result: no
configure:11928: checking for g++
configure:11944: found /usr/bin/g++
configure:11955: result: g++
configure:11982: checking for C++ compiler version
configure:11991: g++ --version >&5
g++ (Ubuntu/Linaro 4.7.3-1ubuntu1) 4.7.3
Copyright (C) 2012 Free Software Foundation, Inc.
This is free software; see the source for copying conditions.  There is NO
warranty; not even for MERCHANTABILITY or FITNESS FOR A PARTICULAR PURPOSE.

configure:12002: $? = 0
configure:11991: g++ -v >&5
Using built-in specs.
COLLECT_GCC=g++
COLLECT_LTO_WRAPPER=/usr/lib/gcc/x86_64-linux-gnu/4.7/lto-wrapper
Target: x86_64-linux-gnu
Configured with: ../src/configure -v --with-pkgversion='Ubuntu/Linaro 4.7.3-1ubuntu1' --with-bugurl=file:///usr/share/doc/gcc-4.7/README.Bugs --enable-languages=c,c++,go,fortran,objc,obj-c++ --prefix=/usr --program-suffix=-4.7 --enable-shared --enable-linker-build-id --libexecdir=/usr/lib --without-included-gettext --enable-threads=posix --with-gxx-include-dir=/usr/include/c++/4.7 --libdir=/usr/lib --enable-nls --with-sysroot=/ --enable-clocale=gnu --enable-libstdcxx-debug --enable-libstdcxx-time=yes --enable-gnu-unique-object --enable-plugin --with-system-zlib --enable-objc-gc --with-cloog --enable-cloog-backend=ppl --disable-cloog-version-check --disable-ppl-version-check --enable-multiarch --disable-werror --with-arch-32=i686 --with-abi=m64 --with-multilib-list=m32,m64,mx32 --with-tune=generic --enable-checking=release --build=x86_64-linux-gnu --host=x86_64-linux-gnu --target=x86_64-linux-gnu
Thread model: posix
gcc version 4.7.3 (Ubuntu/Linaro 4.7.3-1ubuntu1) 
configure:12002: $? = 0
configure:11991: g++ -V >&5
g++: error: unrecognized command line option '-V'
g++: fatal error: no input files
compilation terminated.
configure:12002: $? = 4
configure:11991: g++ -qversion >&5
g++: error: unrecognized command line option '-qversion'
g++: fatal error: no input files
compilation terminated.
configure:12002: $? = 4
configure:12006: checking whether we are using the GNU C++ compiler
configure:12025: g++ -c   conftest.cpp >&5
configure:12025: $? = 0
configure:12034: result: yes
configure:12043: checking whether g++ accepts -g
configure:12063: g++ -c -g  conftest.cpp >&5
configure:12063: $? = 0
configure:12104: result: yes
configure:12129: checking dependency style of g++
configure:12240: result: gcc3
configure:12273: checking how to run the C++ preprocessor
configure:12300: g++ -E  conftest.cpp
configure:12300: $? = 0
configure:12314: g++ -E  conftest.cpp
conftest.cpp:23:28: fatal error: ac_nonexistent.h: No such file or directory
compilation terminated.
configure:12314: $? = 1
configure: failed program was:
| /* confdefs.h */
| #define PACKAGE_NAME "sleuthkit"
| #define PACKAGE_TARNAME "sleuthkit"
| #define PACKAGE_VERSION "4.1.2"
| #define PACKAGE_STRING "sleuthkit 4.1.2"
| #define PACKAGE_BUGREPORT ""
| #define PACKAGE_URL ""
| #define PACKAGE "sleuthkit"
| #define VERSION "4.1.2"
| #define STDC_HEADERS 1
| #define HAVE_SYS_TYPES_H 1
| #define HAVE_SYS_STAT_H 1
| #define HAVE_STDLIB_H 1
| #define HAVE_STRING_H 1
| #define HAVE_MEMORY_H 1
| #define HAVE_STRINGS_H 1
| #define HAVE_INTTYPES_H 1
| #define HAVE_STDINT_H 1
| #define HAVE_UNISTD_H 1
| #define HAVE_DLFCN_H 1
| #define LT_OBJDIR ".libs/"
| /* end confdefs.h.  */
| #include <ac_nonexistent.h>
configure:12339: result: g++ -E
configure:12359: g++ -E  conftest.cpp
configure:12359: $? = 0
configure:12373: g++ -E  conftest.cpp
conftest.cpp:23:28: fatal error: ac_nonexistent.h: No such file or directory
compilation terminated.
configure:12373: $? = 1
configure: failed program was:
| /* confdefs.h */
| #define PACKAGE_NAME "sleuthkit"
| #define PACKAGE_TARNAME "sleuthkit"
| #define PACKAGE_VERSION "4.1.2"
| #define PACKAGE_STRING "sleuthkit 4.1.2"
| #define PACKAGE_BUGREPORT ""
| #define PACKAGE_URL ""
| #define PACKAGE "sleuthkit"
| #define VERSION "4.1.2"
| #define STDC_HEADERS 1
| #define HAVE_SYS_TYPES_H 1
| #define HAVE_SYS_STAT_H 1
| #define HAVE_STDLIB_H 1
| #define HAVE_STRING_H 1
| #define HAVE_MEMORY_H 1
| #define HAVE_STRINGS_H 1
| #define HAVE_INTTYPES_H 1
| #define HAVE_STDINT_H 1
| #define HAVE_UNISTD_H 1
| #define HAVE_DLFCN_H 1
| #define LT_OBJDIR ".libs/"
| /* end confdefs.h.  */
| #include <ac_nonexistent.h>
configure:12542: checking for ld used by g++
configure:12609: result: /usr/bin/ld -m elf_x86_64
configure:12616: checking if the linker (/usr/bin/ld -m elf_x86_64) is GNU ld
configure:12631: result: yes
configure:12686: checking whether the g++ linker (/usr/bin/ld -m elf_x86_64) supports shared libraries
configure:13691: result: yes
configure:13727: g++ -c -g -O2  conftest.cpp >&5
configure:13730: $? = 0
configure:14250: checking for g++ option to produce PIC
configure:14257: result: -fPIC -DPIC
configure:14265: checking if g++ PIC flag -fPIC -DPIC works
configure:14283: g++ -c -g -O2  -fPIC -DPIC -DPIC conftest.cpp >&5
configure:14287: $? = 0
configure:14300: result: yes
configure:14323: checking if g++ static flag -static works
configure:14351: result: yes
configure:14363: checking if g++ supports -c -o file.o
configure:14384: g++ -c -g -O2  -o out/conftest2.o conftest.cpp >&5
configure:14388: $? = 0
configure:14410: result: yes
configure:14415: checking if g++ supports -c -o file.o
configure:14462: result: yes
configure:14492: checking whether the g++ linker (/usr/bin/ld -m elf_x86_64) supports shared libraries
configure:14528: result: yes
configure:14669: checking dynamic linker characteristics
configure:15336: result: GNU/Linux ld.so
configure:15389: checking how to hardcode library paths into programs
configure:15414: result: immediate
configure:15502: checking for gcc
configure:15529: result: gcc
configure:15758: checking for C compiler version
configure:15767: gcc --version >&5
gcc (Ubuntu/Linaro 4.7.3-1ubuntu1) 4.7.3
Copyright (C) 2012 Free Software Foundation, Inc.
This is free software; see the source for copying conditions.  There is NO
warranty; not even for MERCHANTABILITY or FITNESS FOR A PARTICULAR PURPOSE.

configure:15778: $? = 0
configure:15767: gcc -v >&5
Using built-in specs.
COLLECT_GCC=gcc
COLLECT_LTO_WRAPPER=/usr/lib/gcc/x86_64-linux-gnu/4.7/lto-wrapper
Target: x86_64-linux-gnu
Configured with: ../src/configure -v --with-pkgversion='Ubuntu/Linaro 4.7.3-1ubuntu1' --with-bugurl=file:///usr/share/doc/gcc-4.7/README.Bugs --enable-languages=c,c++,go,fortran,objc,obj-c++ --prefix=/usr --program-suffix=-4.7 --enable-shared --enable-linker-build-id --libexecdir=/usr/lib --without-included-gettext --enable-threads=posix --with-gxx-include-dir=/usr/include/c++/4.7 --libdir=/usr/lib --enable-nls --with-sysroot=/ --enable-clocale=gnu --enable-libstdcxx-debug --enable-libstdcxx-time=yes --enable-gnu-unique-object --enable-plugin --with-system-zlib --enable-objc-gc --with-cloog --enable-cloog-backend=ppl --disable-cloog-version-check --disable-ppl-version-check --enable-multiarch --disable-werror --with-arch-32=i686 --with-abi=m64 --with-multilib-list=m32,m64,mx32 --with-tune=generic --enable-checking=release --build=x86_64-linux-gnu --host=x86_64-linux-gnu --target=x86_64-linux-gnu
Thread model: posix
gcc version 4.7.3 (Ubuntu/Linaro 4.7.3-1ubuntu1) 
configure:15778: $? = 0
configure:15767: gcc -V >&5
gcc: error: unrecognized command line option '-V'
gcc: fatal error: no input files
compilation terminated.
configure:15778: $? = 4
configure:15767: gcc -qversion >&5
gcc: error: unrecognized command line option '-qversion'
gcc: fatal error: no input files
compilation terminated.
configure:15778: $? = 4
configure:15782: checking whether we are using the GNU C compiler
configure:15810: result: yes
configure:15819: checking whether gcc accepts -g
configure:15880: result: yes
configure:15897: checking for gcc option to accept ISO C89
configure:15973: result: none needed
configure:15995: checking dependency style of gcc
configure:16106: result: gcc3
configure:16126: checking how to run the C preprocessor
configure:16196: result: gcc -E
configure:16216: gcc -E  conftest.c
configure:16216: $? = 0
configure:16230: gcc -E  conftest.c
conftest.c:23:28: fatal error: ac_nonexistent.h: No such file or directory
compilation terminated.
configure:16230: $? = 1
configure: failed program was:
| /* confdefs.h */
| #define PACKAGE_NAME "sleuthkit"
| #define PACKAGE_TARNAME "sleuthkit"
| #define PACKAGE_VERSION "4.1.2"
| #define PACKAGE_STRING "sleuthkit 4.1.2"
| #define PACKAGE_BUGREPORT ""
| #define PACKAGE_URL ""
| #define PACKAGE "sleuthkit"
| #define VERSION "4.1.2"
| #define STDC_HEADERS 1
| #define HAVE_SYS_TYPES_H 1
| #define HAVE_SYS_STAT_H 1
| #define HAVE_STDLIB_H 1
| #define HAVE_STRING_H 1
| #define HAVE_MEMORY_H 1
| #define HAVE_STRINGS_H 1
| #define HAVE_INTTYPES_H 1
| #define HAVE_STDINT_H 1
| #define HAVE_UNISTD_H 1
| #define HAVE_DLFCN_H 1
| #define LT_OBJDIR ".libs/"
| /* end confdefs.h.  */
| #include <ac_nonexistent.h>
configure:16259: checking whether ln -s works
configure:16263: result: yes
configure:16270: checking whether make sets $(MAKE)
configure:16292: result: yes
configure:16303: checking for perl
configure:16321: found /home/user/perl5/perlbrew/perls/5.18.1dt/bin/perl
configure:16333: result: /home/user/perl5/perlbrew/perls/5.18.1dt/bin/perl
configure:16344: checking for ANSI C header files
configure:16448: result: yes
configure:16462: checking err.h usability
configure:16462: gcc -c -g -O2  conftest.c >&5
configure:16462: $? = 0
configure:16462: result: yes
configure:16462: checking err.h presence
configure:16462: gcc -E  conftest.c
configure:16462: $? = 0
configure:16462: result: yes
configure:16462: checking for err.h
configure:16462: result: yes
configure:16462: checking for inttypes.h
configure:16462: result: yes
configure:16462: checking for unistd.h
configure:16462: result: yes
configure:16462: checking for stdint.h
configure:16462: result: yes
configure:16462: checking sys/param.h usability
configure:16462: gcc -c -g -O2  conftest.c >&5
configure:16462: $? = 0
configure:16462: result: yes
configure:16462: checking sys/param.h presence
configure:16462: gcc -E  conftest.c
configure:16462: $? = 0
configure:16462: result: yes
configure:16462: checking for sys/param.h
configure:16462: result: yes
configure:16462: checking sys/resource.h usability
configure:16462: gcc -c -g -O2  conftest.c >&5
configure:16462: $? = 0
configure:16462: result: yes
configure:16462: checking sys/resource.h presence
configure:16462: gcc -E  conftest.c
configure:16462: $? = 0
configure:16462: result: yes
configure:16462: checking for sys/resource.h
configure:16462: result: yes
configure:16474: checking for stdbool.h that conforms to C99
configure:16541: gcc -c -g -O2  conftest.c >&5
configure:16541: $? = 0
configure:16548: result: yes
configure:16550: checking for _Bool
configure:16550: gcc -c -g -O2  conftest.c >&5
configure:16550: $? = 0
configure:16550: gcc -c -g -O2  conftest.c >&5
conftest.c: In function 'main':
conftest.c:66:20: error: expected expression before ')' token
configure:16550: $? = 1
configure: failed program was:
| /* confdefs.h */
| #define PACKAGE_NAME "sleuthkit"
| #define PACKAGE_TARNAME "sleuthkit"
| #define PACKAGE_VERSION "4.1.2"
| #define PACKAGE_STRING "sleuthkit 4.1.2"
| #define PACKAGE_BUGREPORT ""
| #define PACKAGE_URL ""
| #define PACKAGE "sleuthkit"
| #define VERSION "4.1.2"
| #define STDC_HEADERS 1
| #define HAVE_SYS_TYPES_H 1
| #define HAVE_SYS_STAT_H 1
| #define HAVE_STDLIB_H 1
| #define HAVE_STRING_H 1
| #define HAVE_MEMORY_H 1
| #define HAVE_STRINGS_H 1
| #define HAVE_INTTYPES_H 1
| #define HAVE_STDINT_H 1
| #define HAVE_UNISTD_H 1
| #define HAVE_DLFCN_H 1
| #define LT_OBJDIR ".libs/"
| #define STDC_HEADERS 1
| #define HAVE_ERR_H 1
| #define HAVE_INTTYPES_H 1
| #define HAVE_UNISTD_H 1
| #define HAVE_STDINT_H 1
| #define HAVE_SYS_PARAM_H 1
| #define HAVE_SYS_RESOURCE_H 1
| /* end confdefs.h.  */
| #include <stdio.h>
| #ifdef HAVE_SYS_TYPES_H
| # include <sys/types.h>
| #endif
| #ifdef HAVE_SYS_STAT_H
| # include <sys/stat.h>
| #endif
| #ifdef STDC_HEADERS
| # include <stdlib.h>
| # include <stddef.h>
| #else
| # ifdef HAVE_STDLIB_H
| #  include <stdlib.h>
| # endif
| #endif
| #ifdef HAVE_STRING_H
| # if !defined STDC_HEADERS && defined HAVE_MEMORY_H
| #  include <memory.h>
| # endif
| # include <string.h>
| #endif
| #ifdef HAVE_STRINGS_H
| # include <strings.h>
| #endif
| #ifdef HAVE_INTTYPES_H
| # include <inttypes.h>
| #endif
| #ifdef HAVE_STDINT_H
| # include <stdint.h>
| #endif
| #ifdef HAVE_UNISTD_H
| # include <unistd.h>
| #endif
| int
| main ()
| {
| if (sizeof ((_Bool)))
| 	    return 0;
|   ;
|   return 0;
| }
configure:16550: result: yes
configure:16567: checking for an ANSI C-conforming const
configure:16633: gcc -c -g -O2  conftest.c >&5
configure:16633: $? = 0
configure:16640: result: yes
configure:16648: checking for uid_t in sys/types.h
configure:16667: result: yes
configure:16678: checking for mode_t
configure:16678: gcc -c -g -O2  conftest.c >&5
configure:16678: $? = 0
configure:16678: gcc -c -g -O2  conftest.c >&5
conftest.c: In function 'main':
conftest.c:68:21: error: expected expression before ')' token
configure:16678: $? = 1
configure: failed program was:
| /* confdefs.h */
| #define PACKAGE_NAME "sleuthkit"
| #define PACKAGE_TARNAME "sleuthkit"
| #define PACKAGE_VERSION "4.1.2"
| #define PACKAGE_STRING "sleuthkit 4.1.2"
| #define PACKAGE_BUGREPORT ""
| #define PACKAGE_URL ""
| #define PACKAGE "sleuthkit"
| #define VERSION "4.1.2"
| #define STDC_HEADERS 1
| #define HAVE_SYS_TYPES_H 1
| #define HAVE_SYS_STAT_H 1
| #define HAVE_STDLIB_H 1
| #define HAVE_STRING_H 1
| #define HAVE_MEMORY_H 1
| #define HAVE_STRINGS_H 1
| #define HAVE_INTTYPES_H 1
| #define HAVE_STDINT_H 1
| #define HAVE_UNISTD_H 1
| #define HAVE_DLFCN_H 1
| #define LT_OBJDIR ".libs/"
| #define STDC_HEADERS 1
| #define HAVE_ERR_H 1
| #define HAVE_INTTYPES_H 1
| #define HAVE_UNISTD_H 1
| #define HAVE_STDINT_H 1
| #define HAVE_SYS_PARAM_H 1
| #define HAVE_SYS_RESOURCE_H 1
| #define HAVE__BOOL 1
| #define HAVE_STDBOOL_H 1
| /* end confdefs.h.  */
| #include <stdio.h>
| #ifdef HAVE_SYS_TYPES_H
| # include <sys/types.h>
| #endif
| #ifdef HAVE_SYS_STAT_H
| # include <sys/stat.h>
| #endif
| #ifdef STDC_HEADERS
| # include <stdlib.h>
| # include <stddef.h>
| #else
| # ifdef HAVE_STDLIB_H
| #  include <stdlib.h>
| # endif
| #endif
| #ifdef HAVE_STRING_H
| # if !defined STDC_HEADERS && defined HAVE_MEMORY_H
| #  include <memory.h>
| # endif
| # include <string.h>
| #endif
| #ifdef HAVE_STRINGS_H
| # include <strings.h>
| #endif
| #ifdef HAVE_INTTYPES_H
| # include <inttypes.h>
| #endif
| #ifdef HAVE_STDINT_H
| # include <stdint.h>
| #endif
| #ifdef HAVE_UNISTD_H
| # include <unistd.h>
| #endif
| int
| main ()
| {
| if (sizeof ((mode_t)))
| 	    return 0;
|   ;
|   return 0;
| }
configure:16678: result: yes
configure:16689: checking for off_t
configure:16689: gcc -c -g -O2  conftest.c >&5
configure:16689: $? = 0
configure:16689: gcc -c -g -O2  conftest.c >&5
conftest.c: In function 'main':
conftest.c:68:20: error: expected expression before ')' token
configure:16689: $? = 1
configure: failed program was:
| /* confdefs.h */
| #define PACKAGE_NAME "sleuthkit"
| #define PACKAGE_TARNAME "sleuthkit"
| #define PACKAGE_VERSION "4.1.2"
| #define PACKAGE_STRING "sleuthkit 4.1.2"
| #define PACKAGE_BUGREPORT ""
| #define PACKAGE_URL ""
| #define PACKAGE "sleuthkit"
| #define VERSION "4.1.2"
| #define STDC_HEADERS 1
| #define HAVE_SYS_TYPES_H 1
| #define HAVE_SYS_STAT_H 1
| #define HAVE_STDLIB_H 1
| #define HAVE_STRING_H 1
| #define HAVE_MEMORY_H 1
| #define HAVE_STRINGS_H 1
| #define HAVE_INTTYPES_H 1
| #define HAVE_STDINT_H 1
| #define HAVE_UNISTD_H 1
| #define HAVE_DLFCN_H 1
| #define LT_OBJDIR ".libs/"
| #define STDC_HEADERS 1
| #define HAVE_ERR_H 1
| #define HAVE_INTTYPES_H 1
| #define HAVE_UNISTD_H 1
| #define HAVE_STDINT_H 1
| #define HAVE_SYS_PARAM_H 1
| #define HAVE_SYS_RESOURCE_H 1
| #define HAVE__BOOL 1
| #define HAVE_STDBOOL_H 1
| /* end confdefs.h.  */
| #include <stdio.h>
| #ifdef HAVE_SYS_TYPES_H
| # include <sys/types.h>
| #endif
| #ifdef HAVE_SYS_STAT_H
| # include <sys/stat.h>
| #endif
| #ifdef STDC_HEADERS
| # include <stdlib.h>
| # include <stddef.h>
| #else
| # ifdef HAVE_STDLIB_H
| #  include <stdlib.h>
| # endif
| #endif
| #ifdef HAVE_STRING_H
| # if !defined STDC_HEADERS && defined HAVE_MEMORY_H
| #  include <memory.h>
| # endif
| # include <string.h>
| #endif
| #ifdef HAVE_STRINGS_H
| # include <strings.h>
| #endif
| #ifdef HAVE_INTTYPES_H
| # include <inttypes.h>
| #endif
| #ifdef HAVE_STDINT_H
| # include <stdint.h>
| #endif
| #ifdef HAVE_UNISTD_H
| # include <unistd.h>
| #endif
| int
| main ()
| {
| if (sizeof ((off_t)))
| 	    return 0;
|   ;
|   return 0;
| }
configure:16689: result: yes
configure:16700: checking for size_t
configure:16700: gcc -c -g -O2  conftest.c >&5
configure:16700: $? = 0
configure:16700: gcc -c -g -O2  conftest.c >&5
conftest.c: In function 'main':
conftest.c:68:21: error: expected expression before ')' token
configure:16700: $? = 1
configure: failed program was:
| /* confdefs.h */
| #define PACKAGE_NAME "sleuthkit"
| #define PACKAGE_TARNAME "sleuthkit"
| #define PACKAGE_VERSION "4.1.2"
| #define PACKAGE_STRING "sleuthkit 4.1.2"
| #define PACKAGE_BUGREPORT ""
| #define PACKAGE_URL ""
| #define PACKAGE "sleuthkit"
| #define VERSION "4.1.2"
| #define STDC_HEADERS 1
| #define HAVE_SYS_TYPES_H 1
| #define HAVE_SYS_STAT_H 1
| #define HAVE_STDLIB_H 1
| #define HAVE_STRING_H 1
| #define HAVE_MEMORY_H 1
| #define HAVE_STRINGS_H 1
| #define HAVE_INTTYPES_H 1
| #define HAVE_STDINT_H 1
| #define HAVE_UNISTD_H 1
| #define HAVE_DLFCN_H 1
| #define LT_OBJDIR ".libs/"
| #define STDC_HEADERS 1
| #define HAVE_ERR_H 1
| #define HAVE_INTTYPES_H 1
| #define HAVE_UNISTD_H 1
| #define HAVE_STDINT_H 1
| #define HAVE_SYS_PARAM_H 1
| #define HAVE_SYS_RESOURCE_H 1
| #define HAVE__BOOL 1
| #define HAVE_STDBOOL_H 1
| /* end confdefs.h.  */
| #include <stdio.h>
| #ifdef HAVE_SYS_TYPES_H
| # include <sys/types.h>
| #endif
| #ifdef HAVE_SYS_STAT_H
| # include <sys/stat.h>
| #endif
| #ifdef STDC_HEADERS
| # include <stdlib.h>
| # include <stddef.h>
| #else
| # ifdef HAVE_STDLIB_H
| #  include <stdlib.h>
| # endif
| #endif
| #ifdef HAVE_STRING_H
| # if !defined STDC_HEADERS && defined HAVE_MEMORY_H
| #  include <memory.h>
| # endif
| # include <string.h>
| #endif
| #ifdef HAVE_STRINGS_H
| # include <strings.h>
| #endif
| #ifdef HAVE_INTTYPES_H
| # include <inttypes.h>
| #endif
| #ifdef HAVE_STDINT_H
| # include <stdint.h>
| #endif
| #ifdef HAVE_UNISTD_H
| # include <unistd.h>
| #endif
| int
| main ()
| {
| if (sizeof ((size_t)))
| 	    return 0;
|   ;
|   return 0;
| }
configure:16700: result: yes
configure:16723: checking for special C compiler options needed for large files
configure:16768: result: no
configure:16774: checking for _FILE_OFFSET_BITS value needed for large files
configure:16799: gcc -c -g -O2  conftest.c >&5
configure:16799: $? = 0
configure:16831: result: no
configure:16920: checking for working alloca.h
configure:16937: gcc -o conftest -g -O2   conftest.c  >&5
configure:16937: $? = 0
configure:16945: result: yes
configure:16953: checking for alloca
configure:16990: gcc -o conftest -g -O2   conftest.c  >&5
configure:16990: $? = 0
configure:16998: result: yes
configure:17104: checking for error_at_line
configure:17120: gcc -o conftest -g -O2   conftest.c  >&5
configure:17120: $? = 0
configure:17128: result: yes
configure:17140: checking for _LARGEFILE_SOURCE value needed for large files
configure:17159: gcc -o conftest -g -O2   conftest.c  >&5
configure:17159: $? = 0
configure:17187: result: no
configure:17209: checking whether gcc needs -traditional
configure:17243: result: no
configure:17250: checking whether lstat correctly handles trailing slash
configure:17276: gcc -o conftest -g -O2   conftest.c  >&5
configure:17276: $? = 0
configure:17276: ./conftest
configure:17276: $? = 0
configure:17293: result: yes
configure:17312: checking whether lstat accepts an empty string
configure:17332: gcc -o conftest -g -O2   conftest.c  >&5
configure:17332: $? = 0
configure:17332: ./conftest
configure:17332: $? = 0
configure:17342: result: no
configure:17358: checking whether lstat correctly handles trailing slash
configure:17401: result: yes
configure:17429: checking sys/select.h usability
configure:17429: gcc -c -g -O2  conftest.c >&5
configure:17429: $? = 0
configure:17429: result: yes
configure:17429: checking sys/select.h presence
configure:17429: gcc -E  conftest.c
configure:17429: $? = 0
configure:17429: result: yes
configure:17429: checking for sys/select.h
configure:17429: result: yes
configure:17429: checking sys/socket.h usability
configure:17429: gcc -c -g -O2  conftest.c >&5
configure:17429: $? = 0
configure:17429: result: yes
configure:17429: checking sys/socket.h presence
configure:17429: gcc -E  conftest.c
configure:17429: $? = 0
configure:17429: result: yes
configure:17429: checking for sys/socket.h
configure:17429: result: yes
configure:17439: checking types of arguments for select
configure:17467: gcc -c -g -O2  conftest.c >&5
configure:17467: $? = 0
configure:17478: result: int,fd_set *,struct timeval *
configure:17508: checking for utime.h
configure:17508: gcc -c -g -O2  conftest.c >&5
configure:17508: $? = 0
configure:17508: result: yes
configure:17522: checking whether utime accepts a null argument
configure:17551: gcc -o conftest -g -O2   conftest.c  >&5
configure:17551: $? = 0
configure:17551: ./conftest
configure:17551: $? = 0
configure:17561: result: yes
configure:17573: checking for vprintf
configure:17573: gcc -o conftest -g -O2   conftest.c  >&5
conftest.c:67:6: warning: conflicting types for built-in function 'vprintf' [enabled by default]
configure:17573: $? = 0
configure:17573: result: yes
configure:17579: checking for _doprnt
configure:17579: gcc -o conftest -g -O2   conftest.c  >&5
/tmp/ccQoeifv.o: In function `main':
/home/user/myprojects/Tsk-XS/sleuthkit-4.1.2/conftest.c:79: undefined reference to `_doprnt'
collect2: error: ld returned 1 exit status
configure:17579: $? = 1
configure: failed program was:
| /* confdefs.h */
| #define PACKAGE_NAME "sleuthkit"
| #define PACKAGE_TARNAME "sleuthkit"
| #define PACKAGE_VERSION "4.1.2"
| #define PACKAGE_STRING "sleuthkit 4.1.2"
| #define PACKAGE_BUGREPORT ""
| #define PACKAGE_URL ""
| #define PACKAGE "sleuthkit"
| #define VERSION "4.1.2"
| #define STDC_HEADERS 1
| #define HAVE_SYS_TYPES_H 1
| #define HAVE_SYS_STAT_H 1
| #define HAVE_STDLIB_H 1
| #define HAVE_STRING_H 1
| #define HAVE_MEMORY_H 1
| #define HAVE_STRINGS_H 1
| #define HAVE_INTTYPES_H 1
| #define HAVE_STDINT_H 1
| #define HAVE_UNISTD_H 1
| #define HAVE_DLFCN_H 1
| #define LT_OBJDIR ".libs/"
| #define STDC_HEADERS 1
| #define HAVE_ERR_H 1
| #define HAVE_INTTYPES_H 1
| #define HAVE_UNISTD_H 1
| #define HAVE_STDINT_H 1
| #define HAVE_SYS_PARAM_H 1
| #define HAVE_SYS_RESOURCE_H 1
| #define HAVE__BOOL 1
| #define HAVE_STDBOOL_H 1
| #define HAVE_ALLOCA_H 1
| #define HAVE_ALLOCA 1
| #define HAVE_FSEEKO 1
| #define LSTAT_FOLLOWS_SLASHED_SYMLINK 1
| #define LSTAT_FOLLOWS_SLASHED_SYMLINK 1
| #define HAVE_SYS_SELECT_H 1
| #define HAVE_SYS_SOCKET_H 1
| #define SELECT_TYPE_ARG1 int
| #define SELECT_TYPE_ARG234 (fd_set *)
| #define SELECT_TYPE_ARG5 (struct timeval *)
| #define HAVE_UTIME_H 1
| #define HAVE_UTIME_NULL 1
| #define HAVE_VPRINTF 1
| /* end confdefs.h.  */
| /* Define _doprnt to an innocuous variant, in case <limits.h> declares _doprnt.
|    For example, HP-UX 11i <limits.h> declares gettimeofday.  */
| #define _doprnt innocuous__doprnt
| 
| /* System header to define __stub macros and hopefully few prototypes,
|     which can conflict with char _doprnt (); below.
|     Prefer <limits.h> to <assert.h> if __STDC__ is defined, since
|     <limits.h> exists even on freestanding compilers.  */
| 
| #ifdef __STDC__
| # include <limits.h>
| #else
| # include <assert.h>
| #endif
| 
| #undef _doprnt
| 
| /* Override any GCC internal prototype to avoid an error.
|    Use char because int might match the return type of a GCC
|    builtin and then its argument prototype would still apply.  */
| #ifdef __cplusplus
| extern "C"
| #endif
| char _doprnt ();
| /* The GNU C library defines this for functions which it implements
|     to always fail with ENOSYS.  Some functions are actually named
|     something starting with __ and the normal name is an alias.  */
| #if defined __stub__doprnt || defined __stub____doprnt
| choke me
| #endif
| 
| int
| main ()
| {
| return _doprnt ();
|   ;
|   return 0;
| }
configure:17579: result: no
configure:17594: checking for ishexnumber
configure:17594: gcc -o conftest -g -O2   conftest.c  >&5
/tmp/cc0DCZhz.o: In function `main':
/home/user/myprojects/Tsk-XS/sleuthkit-4.1.2/conftest.c:79: undefined reference to `ishexnumber'
collect2: error: ld returned 1 exit status
configure:17594: $? = 1
configure: failed program was:
| /* confdefs.h */
| #define PACKAGE_NAME "sleuthkit"
| #define PACKAGE_TARNAME "sleuthkit"
| #define PACKAGE_VERSION "4.1.2"
| #define PACKAGE_STRING "sleuthkit 4.1.2"
| #define PACKAGE_BUGREPORT ""
| #define PACKAGE_URL ""
| #define PACKAGE "sleuthkit"
| #define VERSION "4.1.2"
| #define STDC_HEADERS 1
| #define HAVE_SYS_TYPES_H 1
| #define HAVE_SYS_STAT_H 1
| #define HAVE_STDLIB_H 1
| #define HAVE_STRING_H 1
| #define HAVE_MEMORY_H 1
| #define HAVE_STRINGS_H 1
| #define HAVE_INTTYPES_H 1
| #define HAVE_STDINT_H 1
| #define HAVE_UNISTD_H 1
| #define HAVE_DLFCN_H 1
| #define LT_OBJDIR ".libs/"
| #define STDC_HEADERS 1
| #define HAVE_ERR_H 1
| #define HAVE_INTTYPES_H 1
| #define HAVE_UNISTD_H 1
| #define HAVE_STDINT_H 1
| #define HAVE_SYS_PARAM_H 1
| #define HAVE_SYS_RESOURCE_H 1
| #define HAVE__BOOL 1
| #define HAVE_STDBOOL_H 1
| #define HAVE_ALLOCA_H 1
| #define HAVE_ALLOCA 1
| #define HAVE_FSEEKO 1
| #define LSTAT_FOLLOWS_SLASHED_SYMLINK 1
| #define LSTAT_FOLLOWS_SLASHED_SYMLINK 1
| #define HAVE_SYS_SELECT_H 1
| #define HAVE_SYS_SOCKET_H 1
| #define SELECT_TYPE_ARG1 int
| #define SELECT_TYPE_ARG234 (fd_set *)
| #define SELECT_TYPE_ARG5 (struct timeval *)
| #define HAVE_UTIME_H 1
| #define HAVE_UTIME_NULL 1
| #define HAVE_VPRINTF 1
| /* end confdefs.h.  */
| /* Define ishexnumber to an innocuous variant, in case <limits.h> declares ishexnumber.
|    For example, HP-UX 11i <limits.h> declares gettimeofday.  */
| #define ishexnumber innocuous_ishexnumber
| 
| /* System header to define __stub macros and hopefully few prototypes,
|     which can conflict with char ishexnumber (); below.
|     Prefer <limits.h> to <assert.h> if __STDC__ is defined, since
|     <limits.h> exists even on freestanding compilers.  */
| 
| #ifdef __STDC__
| # include <limits.h>
| #else
| # include <assert.h>
| #endif
| 
| #undef ishexnumber
| 
| /* Override any GCC internal prototype to avoid an error.
|    Use char because int might match the return type of a GCC
|    builtin and then its argument prototype would still apply.  */
| #ifdef __cplusplus
| extern "C"
| #endif
| char ishexnumber ();
| /* The GNU C library defines this for functions which it implements
|     to always fail with ENOSYS.  Some functions are actually named
|     something starting with __ and the normal name is an alias.  */
| #if defined __stub_ishexnumber || defined __stub___ishexnumber
| choke me
| #endif
| 
| int
| main ()
| {
| return ishexnumber ();
|   ;
|   return 0;
| }
configure:17594: result: no
configure:17594: checking for err
configure:17594: gcc -o conftest -g -O2   conftest.c  >&5
configure:17594: $? = 0
configure:17594: result: yes
configure:17594: checking for errx
configure:17594: gcc -o conftest -g -O2   conftest.c  >&5
configure:17594: $? = 0
configure:17594: result: yes
configure:17594: checking for warn
configure:17594: gcc -o conftest -g -O2   conftest.c  >&5
configure:17594: $? = 0
configure:17594: result: yes
configure:17594: checking for warnx
configure:17594: gcc -o conftest -g -O2   conftest.c  >&5
configure:17594: $? = 0
configure:17594: result: yes
configure:17594: checking for vasprintf
configure:17594: gcc -o conftest -g -O2   conftest.c  >&5
configure:17594: $? = 0
configure:17594: result: yes
configure:17594: checking for getrusage
configure:17594: gcc -o conftest -g -O2   conftest.c  >&5
configure:17594: $? = 0
configure:17594: result: yes
configure:17772: checking for the pthreads library -lpthreads
configure:17810: gcc -o conftest -g -O2    conftest.c -lpthreads  >&5
/usr/bin/ld: cannot find -lpthreads
collect2: error: ld returned 1 exit status
configure:17810: $? = 1
configure: failed program was:
| /* confdefs.h */
| #define PACKAGE_NAME "sleuthkit"
| #define PACKAGE_TARNAME "sleuthkit"
| #define PACKAGE_VERSION "4.1.2"
| #define PACKAGE_STRING "sleuthkit 4.1.2"
| #define PACKAGE_BUGREPORT ""
| #define PACKAGE_URL ""
| #define PACKAGE "sleuthkit"
| #define VERSION "4.1.2"
| #define STDC_HEADERS 1
| #define HAVE_SYS_TYPES_H 1
| #define HAVE_SYS_STAT_H 1
| #define HAVE_STDLIB_H 1
| #define HAVE_STRING_H 1
| #define HAVE_MEMORY_H 1
| #define HAVE_STRINGS_H 1
| #define HAVE_INTTYPES_H 1
| #define HAVE_STDINT_H 1
| #define HAVE_UNISTD_H 1
| #define HAVE_DLFCN_H 1
| #define LT_OBJDIR ".libs/"
| #define STDC_HEADERS 1
| #define HAVE_ERR_H 1
| #define HAVE_INTTYPES_H 1
| #define HAVE_UNISTD_H 1
| #define HAVE_STDINT_H 1
| #define HAVE_SYS_PARAM_H 1
| #define HAVE_SYS_RESOURCE_H 1
| #define HAVE__BOOL 1
| #define HAVE_STDBOOL_H 1
| #define HAVE_ALLOCA_H 1
| #define HAVE_ALLOCA 1
| #define HAVE_FSEEKO 1
| #define LSTAT_FOLLOWS_SLASHED_SYMLINK 1
| #define LSTAT_FOLLOWS_SLASHED_SYMLINK 1
| #define HAVE_SYS_SELECT_H 1
| #define HAVE_SYS_SOCKET_H 1
| #define SELECT_TYPE_ARG1 int
| #define SELECT_TYPE_ARG234 (fd_set *)
| #define SELECT_TYPE_ARG5 (struct timeval *)
| #define HAVE_UTIME_H 1
| #define HAVE_UTIME_NULL 1
| #define HAVE_VPRINTF 1
| #define HAVE_ERR 1
| #define HAVE_ERRX 1
| #define HAVE_WARN 1
| #define HAVE_WARNX 1
| #define HAVE_VASPRINTF 1
| #define HAVE_GETRUSAGE 1
| /* end confdefs.h.  */
| #include <pthread.h>
| 		     static void routine(void* a) {a=0;}
| 		     static void* start_routine(void* a) {return a;}
| int
| main ()
| {
| pthread_t th; pthread_attr_t attr;
|                      pthread_create(&th,0,start_routine,0);
|                      pthread_join(th, 0);
|                      pthread_attr_init(&attr);
|                      pthread_cleanup_push(routine, 0);
|                      pthread_cleanup_pop(0);
|   ;
|   return 0;
| }
configure:17819: result: no
configure:17717: checking whether pthreads work without any flags
configure:17810: gcc -o conftest -g -O2    conftest.c   >&5
/tmp/ccKIja97.o: In function `main':
/home/user/myprojects/Tsk-XS/sleuthkit-4.1.2/conftest.c:58: undefined reference to `pthread_create'
/home/user/myprojects/Tsk-XS/sleuthkit-4.1.2/conftest.c:59: undefined reference to `pthread_join'
/home/user/myprojects/Tsk-XS/sleuthkit-4.1.2/conftest.c:61: undefined reference to `__pthread_register_cancel'
/home/user/myprojects/Tsk-XS/sleuthkit-4.1.2/conftest.c:62: undefined reference to `__pthread_unregister_cancel'
collect2: error: ld returned 1 exit status
configure:17810: $? = 1
configure: failed program was:
| /* confdefs.h */
| #define PACKAGE_NAME "sleuthkit"
| #define PACKAGE_TARNAME "sleuthkit"
| #define PACKAGE_VERSION "4.1.2"
| #define PACKAGE_STRING "sleuthkit 4.1.2"
| #define PACKAGE_BUGREPORT ""
| #define PACKAGE_URL ""
| #define PACKAGE "sleuthkit"
| #define VERSION "4.1.2"
| #define STDC_HEADERS 1
| #define HAVE_SYS_TYPES_H 1
| #define HAVE_SYS_STAT_H 1
| #define HAVE_STDLIB_H 1
| #define HAVE_STRING_H 1
| #define HAVE_MEMORY_H 1
| #define HAVE_STRINGS_H 1
| #define HAVE_INTTYPES_H 1
| #define HAVE_STDINT_H 1
| #define HAVE_UNISTD_H 1
| #define HAVE_DLFCN_H 1
| #define LT_OBJDIR ".libs/"
| #define STDC_HEADERS 1
| #define HAVE_ERR_H 1
| #define HAVE_INTTYPES_H 1
| #define HAVE_UNISTD_H 1
| #define HAVE_STDINT_H 1
| #define HAVE_SYS_PARAM_H 1
| #define HAVE_SYS_RESOURCE_H 1
| #define HAVE__BOOL 1
| #define HAVE_STDBOOL_H 1
| #define HAVE_ALLOCA_H 1
| #define HAVE_ALLOCA 1
| #define HAVE_FSEEKO 1
| #define LSTAT_FOLLOWS_SLASHED_SYMLINK 1
| #define LSTAT_FOLLOWS_SLASHED_SYMLINK 1
| #define HAVE_SYS_SELECT_H 1
| #define HAVE_SYS_SOCKET_H 1
| #define SELECT_TYPE_ARG1 int
| #define SELECT_TYPE_ARG234 (fd_set *)
| #define SELECT_TYPE_ARG5 (struct timeval *)
| #define HAVE_UTIME_H 1
| #define HAVE_UTIME_NULL 1
| #define HAVE_VPRINTF 1
| #define HAVE_ERR 1
| #define HAVE_ERRX 1
| #define HAVE_WARN 1
| #define HAVE_WARNX 1
| #define HAVE_VASPRINTF 1
| #define HAVE_GETRUSAGE 1
| /* end confdefs.h.  */
| #include <pthread.h>
| 		     static void routine(void* a) {a=0;}
| 		     static void* start_routine(void* a) {return a;}
| int
| main ()
| {
| pthread_t th; pthread_attr_t attr;
|                      pthread_create(&th,0,start_routine,0);
|                      pthread_join(th, 0);
|                      pthread_attr_init(&attr);
|                      pthread_cleanup_push(routine, 0);
|                      pthread_cleanup_pop(0);
|   ;
|   return 0;
| }
configure:17819: result: no
configure:17722: checking whether pthreads work with -Kthread
configure:17810: gcc -o conftest -g -O2 -Kthread   conftest.c   >&5
gcc: error: unrecognized command line option '-Kthread'
configure:17810: $? = 1
configure: failed program was:
| /* confdefs.h */
| #define PACKAGE_NAME "sleuthkit"
| #define PACKAGE_TARNAME "sleuthkit"
| #define PACKAGE_VERSION "4.1.2"
| #define PACKAGE_STRING "sleuthkit 4.1.2"
| #define PACKAGE_BUGREPORT ""
| #define PACKAGE_URL ""
| #define PACKAGE "sleuthkit"
| #define VERSION "4.1.2"
| #define STDC_HEADERS 1
| #define HAVE_SYS_TYPES_H 1
| #define HAVE_SYS_STAT_H 1
| #define HAVE_STDLIB_H 1
| #define HAVE_STRING_H 1
| #define HAVE_MEMORY_H 1
| #define HAVE_STRINGS_H 1
| #define HAVE_INTTYPES_H 1
| #define HAVE_STDINT_H 1
| #define HAVE_UNISTD_H 1
| #define HAVE_DLFCN_H 1
| #define LT_OBJDIR ".libs/"
| #define STDC_HEADERS 1
| #define HAVE_ERR_H 1
| #define HAVE_INTTYPES_H 1
| #define HAVE_UNISTD_H 1
| #define HAVE_STDINT_H 1
| #define HAVE_SYS_PARAM_H 1
| #define HAVE_SYS_RESOURCE_H 1
| #define HAVE__BOOL 1
| #define HAVE_STDBOOL_H 1
| #define HAVE_ALLOCA_H 1
| #define HAVE_ALLOCA 1
| #define HAVE_FSEEKO 1
| #define LSTAT_FOLLOWS_SLASHED_SYMLINK 1
| #define LSTAT_FOLLOWS_SLASHED_SYMLINK 1
| #define HAVE_SYS_SELECT_H 1
| #define HAVE_SYS_SOCKET_H 1
| #define SELECT_TYPE_ARG1 int
| #define SELECT_TYPE_ARG234 (fd_set *)
| #define SELECT_TYPE_ARG5 (struct timeval *)
| #define HAVE_UTIME_H 1
| #define HAVE_UTIME_NULL 1
| #define HAVE_VPRINTF 1
| #define HAVE_ERR 1
| #define HAVE_ERRX 1
| #define HAVE_WARN 1
| #define HAVE_WARNX 1
| #define HAVE_VASPRINTF 1
| #define HAVE_GETRUSAGE 1
| /* end confdefs.h.  */
| #include <pthread.h>
| 		     static void routine(void* a) {a=0;}
| 		     static void* start_routine(void* a) {return a;}
| int
| main ()
| {
| pthread_t th; pthread_attr_t attr;
|                      pthread_create(&th,0,start_routine,0);
|                      pthread_join(th, 0);
|                      pthread_attr_init(&attr);
|                      pthread_cleanup_push(routine, 0);
|                      pthread_cleanup_pop(0);
|   ;
|   return 0;
| }
configure:17819: result: no
configure:17722: checking whether pthreads work with -kthread
configure:17810: gcc -o conftest -g -O2 -kthread   conftest.c   >&5
gcc: error: unrecognized command line option '-kthread'
configure:17810: $? = 1
configure: failed program was:
| /* confdefs.h */
| #define PACKAGE_NAME "sleuthkit"
| #define PACKAGE_TARNAME "sleuthkit"
| #define PACKAGE_VERSION "4.1.2"
| #define PACKAGE_STRING "sleuthkit 4.1.2"
| #define PACKAGE_BUGREPORT ""
| #define PACKAGE_URL ""
| #define PACKAGE "sleuthkit"
| #define VERSION "4.1.2"
| #define STDC_HEADERS 1
| #define HAVE_SYS_TYPES_H 1
| #define HAVE_SYS_STAT_H 1
| #define HAVE_STDLIB_H 1
| #define HAVE_STRING_H 1
| #define HAVE_MEMORY_H 1
| #define HAVE_STRINGS_H 1
| #define HAVE_INTTYPES_H 1
| #define HAVE_STDINT_H 1
| #define HAVE_UNISTD_H 1
| #define HAVE_DLFCN_H 1
| #define LT_OBJDIR ".libs/"
| #define STDC_HEADERS 1
| #define HAVE_ERR_H 1
| #define HAVE_INTTYPES_H 1
| #define HAVE_UNISTD_H 1
| #define HAVE_STDINT_H 1
| #define HAVE_SYS_PARAM_H 1
| #define HAVE_SYS_RESOURCE_H 1
| #define HAVE__BOOL 1
| #define HAVE_STDBOOL_H 1
| #define HAVE_ALLOCA_H 1
| #define HAVE_ALLOCA 1
| #define HAVE_FSEEKO 1
| #define LSTAT_FOLLOWS_SLASHED_SYMLINK 1
| #define LSTAT_FOLLOWS_SLASHED_SYMLINK 1
| #define HAVE_SYS_SELECT_H 1
| #define HAVE_SYS_SOCKET_H 1
| #define SELECT_TYPE_ARG1 int
| #define SELECT_TYPE_ARG234 (fd_set *)
| #define SELECT_TYPE_ARG5 (struct timeval *)
| #define HAVE_UTIME_H 1
| #define HAVE_UTIME_NULL 1
| #define HAVE_VPRINTF 1
| #define HAVE_ERR 1
| #define HAVE_ERRX 1
| #define HAVE_WARN 1
| #define HAVE_WARNX 1
| #define HAVE_VASPRINTF 1
| #define HAVE_GETRUSAGE 1
| /* end confdefs.h.  */
| #include <pthread.h>
| 		     static void routine(void* a) {a=0;}
| 		     static void* start_routine(void* a) {return a;}
| int
| main ()
| {
| pthread_t th; pthread_attr_t attr;
|                      pthread_create(&th,0,start_routine,0);
|                      pthread_join(th, 0);
|                      pthread_attr_init(&attr);
|                      pthread_cleanup_push(routine, 0);
|                      pthread_cleanup_pop(0);
|   ;
|   return 0;
| }
configure:17819: result: no
configure:17772: checking for the pthreads library -llthread
configure:17810: gcc -o conftest -g -O2    conftest.c -llthread  >&5
/usr/bin/ld: cannot find -llthread
collect2: error: ld returned 1 exit status
configure:17810: $? = 1
configure: failed program was:
| /* confdefs.h */
| #define PACKAGE_NAME "sleuthkit"
| #define PACKAGE_TARNAME "sleuthkit"
| #define PACKAGE_VERSION "4.1.2"
| #define PACKAGE_STRING "sleuthkit 4.1.2"
| #define PACKAGE_BUGREPORT ""
| #define PACKAGE_URL ""
| #define PACKAGE "sleuthkit"
| #define VERSION "4.1.2"
| #define STDC_HEADERS 1
| #define HAVE_SYS_TYPES_H 1
| #define HAVE_SYS_STAT_H 1
| #define HAVE_STDLIB_H 1
| #define HAVE_STRING_H 1
| #define HAVE_MEMORY_H 1
| #define HAVE_STRINGS_H 1
| #define HAVE_INTTYPES_H 1
| #define HAVE_STDINT_H 1
| #define HAVE_UNISTD_H 1
| #define HAVE_DLFCN_H 1
| #define LT_OBJDIR ".libs/"
| #define STDC_HEADERS 1
| #define HAVE_ERR_H 1
| #define HAVE_INTTYPES_H 1
| #define HAVE_UNISTD_H 1
| #define HAVE_STDINT_H 1
| #define HAVE_SYS_PARAM_H 1
| #define HAVE_SYS_RESOURCE_H 1
| #define HAVE__BOOL 1
| #define HAVE_STDBOOL_H 1
| #define HAVE_ALLOCA_H 1
| #define HAVE_ALLOCA 1
| #define HAVE_FSEEKO 1
| #define LSTAT_FOLLOWS_SLASHED_SYMLINK 1
| #define LSTAT_FOLLOWS_SLASHED_SYMLINK 1
| #define HAVE_SYS_SELECT_H 1
| #define HAVE_SYS_SOCKET_H 1
| #define SELECT_TYPE_ARG1 int
| #define SELECT_TYPE_ARG234 (fd_set *)
| #define SELECT_TYPE_ARG5 (struct timeval *)
| #define HAVE_UTIME_H 1
| #define HAVE_UTIME_NULL 1
| #define HAVE_VPRINTF 1
| #define HAVE_ERR 1
| #define HAVE_ERRX 1
| #define HAVE_WARN 1
| #define HAVE_WARNX 1
| #define HAVE_VASPRINTF 1
| #define HAVE_GETRUSAGE 1
| /* end confdefs.h.  */
| #include <pthread.h>
| 		     static void routine(void* a) {a=0;}
| 		     static void* start_routine(void* a) {return a;}
| int
| main ()
| {
| pthread_t th; pthread_attr_t attr;
|                      pthread_create(&th,0,start_routine,0);
|                      pthread_join(th, 0);
|                      pthread_attr_init(&attr);
|                      pthread_cleanup_push(routine, 0);
|                      pthread_cleanup_pop(0);
|   ;
|   return 0;
| }
configure:17819: result: no
configure:17722: checking whether pthreads work with -pthread
configure:17810: gcc -o conftest -g -O2 -pthread   conftest.c   >&5
configure:17810: $? = 0
configure:17819: result: yes
configure:17838: checking for joinable pthread attribute
configure:17853: gcc -o conftest -g -O2 -pthread   conftest.c   >&5
configure:17853: $? = 0
configure:17859: result: PTHREAD_CREATE_JOINABLE
configure:17869: checking if more special flags are required for pthreads
configure:17876: result: no
configure:18003: checking afflib/afflib.h usability
configure:18003: gcc -c -g -O2  -pthread -I/usr/local/include -I/home/user/myprojects/Tsk-XS/AFFLIBv3/sandbox/include conftest.c >&5
conftest.c:85:27: fatal error: afflib/afflib.h: No such file or directory
compilation terminated.
configure:18003: $? = 1
configure: failed program was:
| /* confdefs.h */
| #define PACKAGE_NAME "sleuthkit"
| #define PACKAGE_TARNAME "sleuthkit"
| #define PACKAGE_VERSION "4.1.2"
| #define PACKAGE_STRING "sleuthkit 4.1.2"
| #define PACKAGE_BUGREPORT ""
| #define PACKAGE_URL ""
| #define PACKAGE "sleuthkit"
| #define VERSION "4.1.2"
| #define STDC_HEADERS 1
| #define HAVE_SYS_TYPES_H 1
| #define HAVE_SYS_STAT_H 1
| #define HAVE_STDLIB_H 1
| #define HAVE_STRING_H 1
| #define HAVE_MEMORY_H 1
| #define HAVE_STRINGS_H 1
| #define HAVE_INTTYPES_H 1
| #define HAVE_STDINT_H 1
| #define HAVE_UNISTD_H 1
| #define HAVE_DLFCN_H 1
| #define LT_OBJDIR ".libs/"
| #define STDC_HEADERS 1
| #define HAVE_ERR_H 1
| #define HAVE_INTTYPES_H 1
| #define HAVE_UNISTD_H 1
| #define HAVE_STDINT_H 1
| #define HAVE_SYS_PARAM_H 1
| #define HAVE_SYS_RESOURCE_H 1
| #define HAVE__BOOL 1
| #define HAVE_STDBOOL_H 1
| #define HAVE_ALLOCA_H 1
| #define HAVE_ALLOCA 1
| #define HAVE_FSEEKO 1
| #define LSTAT_FOLLOWS_SLASHED_SYMLINK 1
| #define LSTAT_FOLLOWS_SLASHED_SYMLINK 1
| #define HAVE_SYS_SELECT_H 1
| #define HAVE_SYS_SOCKET_H 1
| #define SELECT_TYPE_ARG1 int
| #define SELECT_TYPE_ARG234 (fd_set *)
| #define SELECT_TYPE_ARG5 (struct timeval *)
| #define HAVE_UTIME_H 1
| #define HAVE_UTIME_NULL 1
| #define HAVE_VPRINTF 1
| #define HAVE_ERR 1
| #define HAVE_ERRX 1
| #define HAVE_WARN 1
| #define HAVE_WARNX 1
| #define HAVE_VASPRINTF 1
| #define HAVE_GETRUSAGE 1
| #define HAVE_PTHREAD 1
| /* end confdefs.h.  */
| #include <stdio.h>
| #ifdef HAVE_SYS_TYPES_H
| # include <sys/types.h>
| #endif
| #ifdef HAVE_SYS_STAT_H
| # include <sys/stat.h>
| #endif
| #ifdef STDC_HEADERS
| # include <stdlib.h>
| # include <stddef.h>
| #else
| # ifdef HAVE_STDLIB_H
| #  include <stdlib.h>
| # endif
| #endif
| #ifdef HAVE_STRING_H
| # if !defined STDC_HEADERS && defined HAVE_MEMORY_H
| #  include <memory.h>
| # endif
| # include <string.h>
| #endif
| #ifdef HAVE_STRINGS_H
| # include <strings.h>
| #endif
| #ifdef HAVE_INTTYPES_H
| # include <inttypes.h>
| #endif
| #ifdef HAVE_STDINT_H
| # include <stdint.h>
| #endif
| #ifdef HAVE_UNISTD_H
| # include <unistd.h>
| #endif
| #include <afflib/afflib.h>
configure:18003: result: no
configure:18003: checking afflib/afflib.h presence
configure:18003: gcc -E  -pthread -I/usr/local/include -I/home/user/myprojects/Tsk-XS/AFFLIBv3/sandbox/include conftest.c
conftest.c:52:27: fatal error: afflib/afflib.h: No such file or directory
compilation terminated.
configure:18003: $? = 1
configure: failed program was:
| /* confdefs.h */
| #define PACKAGE_NAME "sleuthkit"
| #define PACKAGE_TARNAME "sleuthkit"
| #define PACKAGE_VERSION "4.1.2"
| #define PACKAGE_STRING "sleuthkit 4.1.2"
| #define PACKAGE_BUGREPORT ""
| #define PACKAGE_URL ""
| #define PACKAGE "sleuthkit"
| #define VERSION "4.1.2"
| #define STDC_HEADERS 1
| #define HAVE_SYS_TYPES_H 1
| #define HAVE_SYS_STAT_H 1
| #define HAVE_STDLIB_H 1
| #define HAVE_STRING_H 1
| #define HAVE_MEMORY_H 1
| #define HAVE_STRINGS_H 1
| #define HAVE_INTTYPES_H 1
| #define HAVE_STDINT_H 1
| #define HAVE_UNISTD_H 1
| #define HAVE_DLFCN_H 1
| #define LT_OBJDIR ".libs/"
| #define STDC_HEADERS 1
| #define HAVE_ERR_H 1
| #define HAVE_INTTYPES_H 1
| #define HAVE_UNISTD_H 1
| #define HAVE_STDINT_H 1
| #define HAVE_SYS_PARAM_H 1
| #define HAVE_SYS_RESOURCE_H 1
| #define HAVE__BOOL 1
| #define HAVE_STDBOOL_H 1
| #define HAVE_ALLOCA_H 1
| #define HAVE_ALLOCA 1
| #define HAVE_FSEEKO 1
| #define LSTAT_FOLLOWS_SLASHED_SYMLINK 1
| #define LSTAT_FOLLOWS_SLASHED_SYMLINK 1
| #define HAVE_SYS_SELECT_H 1
| #define HAVE_SYS_SOCKET_H 1
| #define SELECT_TYPE_ARG1 int
| #define SELECT_TYPE_ARG234 (fd_set *)
| #define SELECT_TYPE_ARG5 (struct timeval *)
| #define HAVE_UTIME_H 1
| #define HAVE_UTIME_NULL 1
| #define HAVE_VPRINTF 1
| #define HAVE_ERR 1
| #define HAVE_ERRX 1
| #define HAVE_WARN 1
| #define HAVE_WARNX 1
| #define HAVE_VASPRINTF 1
| #define HAVE_GETRUSAGE 1
| #define HAVE_PTHREAD 1
| /* end confdefs.h.  */
| #include <afflib/afflib.h>
configure:18003: result: no
configure:18003: checking for afflib/afflib.h
configure:18003: result: no
configure:18078: checking for zlib
configure:18100: checking zlib.h usability
configure:18100: gcc -c -g -O2  -pthread -I/usr/local/include -I/home/user/myprojects/Tsk-XS/AFFLIBv3/sandbox/include conftest.c >&5
configure:18100: $? = 0
configure:18100: result: yes
configure:18100: checking zlib.h presence
configure:18100: gcc -E  -pthread -I/usr/local/include -I/home/user/myprojects/Tsk-XS/AFFLIBv3/sandbox/include conftest.c
configure:18100: $? = 0
configure:18100: result: yes
configure:18100: checking for zlib.h
configure:18100: result: yes
configure:18105: checking for inflate in -lz
configure:18130: gcc -o conftest -g -O2  -pthread -I/usr/local/include -I/home/user/myprojects/Tsk-XS/AFFLIBv3/sandbox/include  -pthread -L/usr/local/lib -L/home/user/myprojects/Tsk-XS/AFFLIBv3/sandbox/lib conftest.c -lz   >&5
configure:18130: $? = 0
configure:18139: result: yes
configure:18172: checking for dlopen in -ldl
configure:18197: gcc -o conftest -g -O2  -pthread -I/usr/local/include -I/home/user/myprojects/Tsk-XS/AFFLIBv3/sandbox/include  -pthread -L/usr/local/lib -L/home/user/myprojects/Tsk-XS/AFFLIBv3/sandbox/lib conftest.c -ldl  -lz  >&5
configure:18197: $? = 0
configure:18206: result: yes
configure:18252: checking libewf.h usability
configure:18252: gcc -c -g -O2  -pthread -I/usr/local/include -I/home/user/myprojects/Tsk-XS/AFFLIBv3/sandbox/include -I/home/user/myprojects/Tsk-XS/libewf/include conftest.c >&5
configure:18252: $? = 0
configure:18252: result: yes
configure:18252: checking libewf.h presence
configure:18252: gcc -E  -pthread -I/usr/local/include -I/home/user/myprojects/Tsk-XS/AFFLIBv3/sandbox/include -I/home/user/myprojects/Tsk-XS/libewf/include conftest.c
configure:18252: $? = 0
configure:18252: result: yes
configure:18252: checking for libewf.h
configure:18252: result: yes
configure:18257: checking for libewf_get_version in -lewf
configure:18282: gcc -o conftest -g -O2  -pthread -I/usr/local/include -I/home/user/myprojects/Tsk-XS/AFFLIBv3/sandbox/include -I/home/user/myprojects/Tsk-XS/libewf/include  -pthread -L/usr/local/lib -L/home/user/myprojects/Tsk-XS/AFFLIBv3/sandbox/lib -L/home/user/myprojects/Tsk-XS/libewf/lib conftest.c -lewf  -ldl -lz  >&5
configure:18282: $? = 0
configure:18291: result: yes
configure:18312: checking for library containing dlopen
configure:18343: gcc -o conftest -g -O2  -pthread -I/usr/local/include -I/home/user/myprojects/Tsk-XS/AFFLIBv3/sandbox/include -I/home/user/myprojects/Tsk-XS/libewf/include  -pthread -L/usr/local/lib -L/home/user/myprojects/Tsk-XS/AFFLIBv3/sandbox/lib -L/home/user/myprojects/Tsk-XS/libewf/lib conftest.c -lewf -ldl -lz  >&5
configure:18343: $? = 0
configure:18360: result: none required
configure:18377: checking for gcj
configure:18407: result: no
configure:18377: checking for guavac
configure:18407: result: no
configure:18377: checking for jikes
configure:18407: result: no
configure:18377: checking for javac
configure:18393: found /usr/bin/javac
configure:18404: result: javac
configure:18463: checking if javac works
configure:18477: javac  Test.java
configure:18480: $? = 0
configure:18492: result: yes
configure:18504: checking for javac
configure:18522: found /usr/bin/javac
configure:18535: result: /usr/bin/javac
configure:18552: checking symlink for /usr/bin/javac
configure:18560: result: /etc/alternatives/javac
configure:18552: checking symlink for /etc/alternatives/javac
configure:18560: result: /usr/lib/jvm/java-7-openjdk-amd64/bin/javac
configure:18577: _JTOPDIR=/usr/lib/jvm/java-7-openjdk-amd64/bin
configure:18578: _JINC=/usr/lib/jvm/java-7-openjdk-amd64/bin/include
configure:18750: checking that generated files are newer than configure
configure:18756: result: done
configure:18799: creating ./config.status

## ---------------------- ##
## Running config.status. ##
## ---------------------- ##

This file was extended by sleuthkit config.status 4.1.2, which was
generated by GNU Autoconf 2.69.  Invocation command line was

  CONFIG_FILES    = 
  CONFIG_HEADERS  = 
  CONFIG_LINKS    = 
  CONFIG_COMMANDS = 
  $ ./config.status 

on user-K56CM

config.status:1224: creating Makefile
config.status:1224: creating tsk/Makefile
config.status:1224: creating tsk/base/Makefile
config.status:1224: creating tsk/img/Makefile
config.status:1224: creating tsk/vs/Makefile
config.status:1224: creating tsk/fs/Makefile
config.status:1224: creating tsk/hashdb/Makefile
config.status:1224: creating tsk/auto/Makefile
config.status:1224: creating tools/Makefile
config.status:1224: creating tools/imgtools/Makefile
config.status:1224: creating tools/vstools/Makefile
config.status:1224: creating tools/fstools/Makefile
config.status:1224: creating tools/hashtools/Makefile
config.status:1224: creating tools/srchtools/Makefile
config.status:1224: creating tools/autotools/Makefile
config.status:1224: creating tools/sorter/Makefile
config.status:1224: creating tools/timeline/Makefile
config.status:1224: creating tools/fiwalk/Makefile
config.status:1224: creating tools/fiwalk/src/Makefile
config.status:1224: creating tools/fiwalk/plugins/Makefile
config.status:1224: creating tests/Makefile
config.status:1224: creating samples/Makefile
config.status:1224: creating man/Makefile
config.status:1224: creating bindings/java/jni/Makefile
config.status:1224: creating unit_tests/Makefile
config.status:1224: creating unit_tests/base/Makefile
config.status:1224: creating tsk/tsk_config.h
config.status:1405: tsk/tsk_config.h is unchanged
config.status:1453: executing depfiles commands
config.status:1453: executing libtool commands
config.status:1453: executing tsk/tsk_incs.h commands

## ---------------- ##
## Cache variables. ##
## ---------------- ##

ac_cv_build=x86_64-unknown-linux-gnu
ac_cv_c_compiler_gnu=yes
ac_cv_c_const=yes
ac_cv_cxx_compiler_gnu=yes
ac_cv_env_CCC_set=
ac_cv_env_CCC_value=
ac_cv_env_CC_set=
ac_cv_env_CC_value=
ac_cv_env_CFLAGS_set=
ac_cv_env_CFLAGS_value=
ac_cv_env_CPPFLAGS_set=
ac_cv_env_CPPFLAGS_value=
ac_cv_env_CPP_set=
ac_cv_env_CPP_value=
ac_cv_env_CXXCPP_set=
ac_cv_env_CXXCPP_value=
ac_cv_env_CXXFLAGS_set=
ac_cv_env_CXXFLAGS_value=
ac_cv_env_CXX_set=
ac_cv_env_CXX_value=
ac_cv_env_LDFLAGS_set=
ac_cv_env_LDFLAGS_value=
ac_cv_env_LIBS_set=
ac_cv_env_LIBS_value=
ac_cv_env_build_alias_set=
ac_cv_env_build_alias_value=
ac_cv_env_host_alias_set=
ac_cv_env_host_alias_value=
ac_cv_env_target_alias_set=
ac_cv_env_target_alias_value=
ac_cv_func__doprnt=no
ac_cv_func_alloca_works=yes
ac_cv_func_err=yes
ac_cv_func_errx=yes
ac_cv_func_getrusage=yes
ac_cv_func_ishexnumber=no
ac_cv_func_lstat_dereferences_slashed_symlink=yes
ac_cv_func_lstat_empty_string_bug=no
ac_cv_func_select_args='int,fd_set *,struct timeval *'
ac_cv_func_utime_null=yes
ac_cv_func_vasprintf=yes
ac_cv_func_vprintf=yes
ac_cv_func_warn=yes
ac_cv_func_warnx=yes
ac_cv_header_afflib_afflib_h=no
ac_cv_header_dlfcn_h=yes
ac_cv_header_err_h=yes
ac_cv_header_inttypes_h=yes
ac_cv_header_libewf_h=yes
ac_cv_header_memory_h=yes
ac_cv_header_stdbool_h=yes
ac_cv_header_stdc=yes
ac_cv_header_stdint_h=yes
ac_cv_header_stdlib_h=yes
ac_cv_header_string_h=yes
ac_cv_header_strings_h=yes
ac_cv_header_sys_param_h=yes
ac_cv_header_sys_resource_h=yes
ac_cv_header_sys_select_h=yes
ac_cv_header_sys_socket_h=yes
ac_cv_header_sys_stat_h=yes
ac_cv_header_sys_types_h=yes
ac_cv_header_unistd_h=yes
ac_cv_header_utime_h=yes
ac_cv_header_zlib_h=yes
ac_cv_host=x86_64-unknown-linux-gnu
ac_cv_lib_dl_dlopen=yes
ac_cv_lib_error_at_line=yes
ac_cv_lib_ewf_libewf_get_version=yes
ac_cv_lib_z_inflate=yes
ac_cv_objext=o
ac_cv_path_CPPUNIT_CONFIG=no
ac_cv_path_EGREP='/bin/grep -E'
ac_cv_path_FGREP='/bin/grep -F'
ac_cv_path_GREP=/bin/grep
ac_cv_path_PERL=/home/user/perl5/perlbrew/perls/5.18.1dt/bin/perl
ac_cv_path_SED=/bin/sed
ac_cv_path__ACJNI_JAVAC=/usr/bin/javac
ac_cv_path_install='/usr/bin/install -c'
ac_cv_path_mkdir=/bin/mkdir
ac_cv_prog_AWK=mawk
ac_cv_prog_CPP='gcc -E'
ac_cv_prog_CXXCPP='g++ -E'
ac_cv_prog_JAVAC=javac
ac_cv_prog_ac_ct_AR=ar
ac_cv_prog_ac_ct_CC=gcc
ac_cv_prog_ac_ct_CXX=g++
ac_cv_prog_ac_ct_MANIFEST_TOOL=mt
ac_cv_prog_ac_ct_OBJDUMP=objdump
ac_cv_prog_ac_ct_RANLIB=ranlib
ac_cv_prog_ac_ct_STRIP=strip
ac_cv_prog_cc_c89=
ac_cv_prog_cc_g=yes
ac_cv_prog_cxx_g=yes
ac_cv_prog_gcc_traditional=no
ac_cv_prog_javac_works=yes
ac_cv_prog_make_make_set=yes
ac_cv_search_dlopen='none required'
ac_cv_sys_file_offset_bits=no
ac_cv_sys_largefile_CC=no
ac_cv_sys_largefile_source=no
ac_cv_type__Bool=yes
ac_cv_type_mode_t=yes
ac_cv_type_off_t=yes
ac_cv_type_size_t=yes
ac_cv_type_uid_t=yes
ac_cv_working_alloca_h=yes
am_cv_CC_dependencies_compiler_type=gcc3
am_cv_CXX_dependencies_compiler_type=gcc3
lt_cv_ar_at_file=@
lt_cv_archive_cmds_need_lc=no
lt_cv_deplibs_check_method=pass_all
lt_cv_file_magic_cmd='$MAGIC_CMD'
lt_cv_file_magic_test_file=
lt_cv_ld_reload_flag=-r
lt_cv_nm_interface='BSD nm'
lt_cv_objdir=.libs
lt_cv_path_LD=/usr/bin/ld
lt_cv_path_LDCXX='/usr/bin/ld -m elf_x86_64'
lt_cv_path_NM='/usr/bin/nm -B'
lt_cv_path_mainfest_tool=no
lt_cv_prog_compiler_c_o=yes
lt_cv_prog_compiler_c_o_CXX=yes
lt_cv_prog_compiler_pic='-fPIC -DPIC'
lt_cv_prog_compiler_pic_CXX='-fPIC -DPIC'
lt_cv_prog_compiler_pic_works=yes
lt_cv_prog_compiler_pic_works_CXX=yes
lt_cv_prog_compiler_rtti_exceptions=no
lt_cv_prog_compiler_static_works=yes
lt_cv_prog_compiler_static_works_CXX=yes
lt_cv_prog_gnu_ld=yes
lt_cv_prog_gnu_ldcxx=yes
lt_cv_sharedlib_from_linklib_cmd='printf %s\n'
lt_cv_shlibpath_overrides_runpath=no
lt_cv_sys_global_symbol_pipe='sed -n -e '\''s/^.*[	 ]\([ABCDGIRSTW][ABCDGIRSTW]*\)[	 ][	 ]*\([_A-Za-z][_A-Za-z0-9]*\)$/\1 \2 \2/p'\'' | sed '\''/ __gnu_lto/d'\'''
lt_cv_sys_global_symbol_to_c_name_address='sed -n -e '\''s/^: \([^ ]*\)[ ]*$/  {\"\1\", (void *) 0},/p'\'' -e '\''s/^[ABCDGIRSTW]* \([^ ]*\) \([^ ]*\)$/  {"\2", (void *) \&\2},/p'\'''
lt_cv_sys_global_symbol_to_c_name_address_lib_prefix='sed -n -e '\''s/^: \([^ ]*\)[ ]*$/  {\"\1\", (void *) 0},/p'\'' -e '\''s/^[ABCDGIRSTW]* \([^ ]*\) \(lib[^ ]*\)$/  {"\2", (void *) \&\2},/p'\'' -e '\''s/^[ABCDGIRSTW]* \([^ ]*\) \([^ ]*\)$/  {"lib\2", (void *) \&\2},/p'\'''
lt_cv_sys_global_symbol_to_cdecl='sed -n -e '\''s/^T .* \(.*\)$/extern int \1();/p'\'' -e '\''s/^[ABCDGIRSTW]* .* \(.*\)$/extern char \1;/p'\'''
lt_cv_sys_max_cmd_len=3458764513820540925
lt_cv_to_host_file_cmd=func_convert_file_noop
lt_cv_to_tool_file_cmd=func_convert_file_noop

## ----------------- ##
## Output variables. ##
## ----------------- ##

ACLOCAL='${SHELL} /home/user/myprojects/Tsk-XS/sleuthkit-4.1.2/config/missing --run aclocal-1.12'
ALLOCA=''
AMDEPBACKSLASH='\'
AMDEP_FALSE='#'
AMDEP_TRUE=''
AMTAR='$${TAR-tar}'
AR='ar'
AUTOCONF='${SHELL} /home/user/myprojects/Tsk-XS/sleuthkit-4.1.2/config/missing --run autoconf'
AUTOHEADER='${SHELL} /home/user/myprojects/Tsk-XS/sleuthkit-4.1.2/config/missing --run autoheader'
AUTOMAKE='${SHELL} /home/user/myprojects/Tsk-XS/sleuthkit-4.1.2/config/missing --run automake-1.12'
AWK='mawk'
CC='gcc'
CCDEPMODE='depmode=gcc3'
CFLAGS='-g -O2'
CPP='gcc -E'
CPPFLAGS=' -pthread -I/usr/local/include -I/home/user/myprojects/Tsk-XS/AFFLIBv3/sandbox/include -I/home/user/myprojects/Tsk-XS/libewf/include'
CPPUNIT_CFLAGS=''
CPPUNIT_CONFIG='no'
CPPUNIT_FALSE=''
CPPUNIT_LIBS=''
CPPUNIT_TRUE='#'
CXX='g++'
CXXCPP='g++ -E'
CXXDEPMODE='depmode=gcc3'
CXXFLAGS='-g -O2'
CYGPATH_W='echo'
DEFS='-DHAVE_CONFIG_H'
DEPDIR='.deps'
DLLTOOL='false'
DSYMUTIL=''
DUMPBIN=''
ECHO_C=''
ECHO_N='-n'
ECHO_T=''
EGREP='/bin/grep -E'
EXEEXT=''
FGREP='/bin/grep -F'
GREP='/bin/grep'
INSTALL_DATA='${INSTALL} -m 644'
INSTALL_PROGRAM='${INSTALL}'
INSTALL_SCRIPT='${INSTALL}'
INSTALL_STRIP_PROGRAM='$(install_sh) -c -s'
JAVAC='javac'
JNI_CPPFLAGS=' -I/usr/lib/jvm/java-7-openjdk-amd64/include -I/usr/lib/jvm/java-7-openjdk-amd64/include/linux'
LD='/usr/bin/ld -m elf_x86_64'
LDFLAGS=' -pthread -L/usr/local/lib -L/home/user/myprojects/Tsk-XS/AFFLIBv3/sandbox/lib -L/home/user/myprojects/Tsk-XS/libewf/lib'
LIBOBJS=''
LIBS='-lewf -ldl -lz '
LIBTOOL='$(SHELL) $(top_builddir)/libtool'
LIPO=''
LN_S='ln -s'
LTLIBOBJS=''
MAINT='#'
MAINTAINER_MODE_FALSE=''
MAINTAINER_MODE_TRUE='#'
MAKEINFO='${SHELL} /home/user/myprojects/Tsk-XS/sleuthkit-4.1.2/config/missing --run makeinfo'
MANIFEST_TOOL=':'
MKDIR_P='/bin/mkdir -p'
NM='/usr/bin/nm -B'
NMEDIT=''
OBJDUMP='objdump'
OBJEXT='o'
OTOOL64=''
OTOOL=''
PACKAGE='sleuthkit'
PACKAGE_BUGREPORT=''
PACKAGE_NAME='sleuthkit'
PACKAGE_STRING='sleuthkit 4.1.2'
PACKAGE_TARNAME='sleuthkit'
PACKAGE_URL=''
PACKAGE_VERSION='4.1.2'
PATH_SEPARATOR=':'
PERL='/home/user/perl5/perlbrew/perls/5.18.1dt/bin/perl'
PTHREAD_CC='gcc'
PTHREAD_CFLAGS='-pthread'
PTHREAD_LIBS=''
RANLIB='ranlib'
SED='/bin/sed'
SET_MAKE=''
SHELL='/bin/bash'
STRIP='strip'
VERSION='4.1.2'
X_JNI_FALSE='#'
X_JNI_TRUE=''
_ACJNI_JAVAC='/usr/bin/javac'
ac_ct_AR='ar'
ac_ct_CC='gcc'
ac_ct_CXX='g++'
ac_ct_DUMPBIN=''
am__EXEEXT_FALSE=''
am__EXEEXT_TRUE='#'
am__fastdepCC_FALSE='#'
am__fastdepCC_TRUE=''
am__fastdepCXX_FALSE='#'
am__fastdepCXX_TRUE=''
am__include='include'
am__isrc=''
am__leading_dot='.'
am__nodep='_no'
am__quote=''
am__tar='$${TAR-tar} chof - "$$tardir"'
am__untar='$${TAR-tar} xf -'
ax_pthread_config=''
bindir='${exec_prefix}/bin'
build='x86_64-unknown-linux-gnu'
build_alias=''
build_cpu='x86_64'
build_os='linux-gnu'
build_vendor='unknown'
datadir='${datarootdir}'
datarootdir='${prefix}/share'
docdir='${datarootdir}/doc/${PACKAGE_TARNAME}'
dvidir='${docdir}'
exec_prefix='${prefix}'
host='x86_64-unknown-linux-gnu'
host_alias=''
host_cpu='x86_64'
host_os='linux-gnu'
host_vendor='unknown'
htmldir='${docdir}'
includedir='${prefix}/include'
infodir='${datarootdir}/info'
install_sh='${SHELL} /home/user/myprojects/Tsk-XS/sleuthkit-4.1.2/config/install-sh'
libdir='${exec_prefix}/lib'
libexecdir='${exec_prefix}/libexec'
localedir='${datarootdir}/locale'
localstatedir='${prefix}/var'
mandir='${datarootdir}/man'
mkdir_p='$(MKDIR_P)'
oldincludedir='/usr/include'
pdfdir='${docdir}'
prefix='/usr/local'
program_transform_name='s,x,x,'
psdir='${docdir}'
sbindir='${exec_prefix}/sbin'
sharedstatedir='${prefix}/com'
sysconfdir='${prefix}/etc'
target_alias=''

## ----------- ##
## confdefs.h. ##
## ----------- ##

/* confdefs.h */
#define PACKAGE_NAME "sleuthkit"
#define PACKAGE_TARNAME "sleuthkit"
#define PACKAGE_VERSION "4.1.2"
#define PACKAGE_STRING "sleuthkit 4.1.2"
#define PACKAGE_BUGREPORT ""
#define PACKAGE_URL ""
#define PACKAGE "sleuthkit"
#define VERSION "4.1.2"
#define STDC_HEADERS 1
#define HAVE_SYS_TYPES_H 1
#define HAVE_SYS_STAT_H 1
#define HAVE_STDLIB_H 1
#define HAVE_STRING_H 1
#define HAVE_MEMORY_H 1
#define HAVE_STRINGS_H 1
#define HAVE_INTTYPES_H 1
#define HAVE_STDINT_H 1
#define HAVE_UNISTD_H 1
#define HAVE_DLFCN_H 1
#define LT_OBJDIR ".libs/"
#define STDC_HEADERS 1
#define HAVE_ERR_H 1
#define HAVE_INTTYPES_H 1
#define HAVE_UNISTD_H 1
#define HAVE_STDINT_H 1
#define HAVE_SYS_PARAM_H 1
#define HAVE_SYS_RESOURCE_H 1
#define HAVE__BOOL 1
#define HAVE_STDBOOL_H 1
#define HAVE_ALLOCA_H 1
#define HAVE_ALLOCA 1
#define HAVE_FSEEKO 1
#define LSTAT_FOLLOWS_SLASHED_SYMLINK 1
#define LSTAT_FOLLOWS_SLASHED_SYMLINK 1
#define HAVE_SYS_SELECT_H 1
#define HAVE_SYS_SOCKET_H 1
#define SELECT_TYPE_ARG1 int
#define SELECT_TYPE_ARG234 (fd_set *)
#define SELECT_TYPE_ARG5 (struct timeval *)
#define HAVE_UTIME_H 1
#define HAVE_UTIME_NULL 1
#define HAVE_VPRINTF 1
#define HAVE_ERR 1
#define HAVE_ERRX 1
#define HAVE_WARN 1
#define HAVE_WARNX 1
#define HAVE_VASPRINTF 1
#define HAVE_GETRUSAGE 1
#define HAVE_PTHREAD 1
#define HAVE_ZLIB_H 1
#define HAVE_LIBZ 1
#define HAVE_LIBDL 1
#define HAVE_LIBEWF_H 1
#define HAVE_LIBEWF 1

configure: exit 0
